[01m[K/home/zty/workspace/LARVIO/src/image_processor.cpp:[m[K In member function â€˜[01m[Kvoid larvio::ImageProcessor::publish()[m[Kâ€™:
[01m[K/home/zty/workspace/LARVIO/src/image_processor.cpp:1192:5:[m[K [01;31m[Kerror: [m[Kexpected â€˜[01m[K,[m[Kâ€™ or â€˜[01m[K;[m[Kâ€™ before â€˜[01m[Kint[m[Kâ€™
     int features_num=curr_pts_.size()
[01;32m[K     ^[m[K
[01m[K/home/zty/workspace/LARVIO/src/image_processor.cpp:1194:11:[m[K [01;31m[Kerror: [m[Kâ€˜[01m[Kfeatures_num[m[Kâ€™ was not declared in this scope
     cout<<features_num<<endl;
[01;32m[K           ^[m[K
make[2]: *** [CMakeFiles/image_processor.dir/home/zty/workspace/LARVIO/src/image_processor.cpp.o] Error 1
make[1]: *** [CMakeFiles/image_processor.dir/all] Error 2
make: *** [all] Error 2
